24-04-18 21:38:01.424 INFO  [background-preinit] o.h.validator.internal.util.Version - HV000001: Hibernate Validator 8.0.1.Final
24-04-18 21:38:01.465 INFO  [main] c.poc.todolist.TodoListApplication - Starting TodoListApplication using Java 17.0.9 with PID 15120 (D:\Dev\Exams\SpringBoot\todo-list\target\classes started by Rohan in D:\Dev\Exams\SpringBoot\todo-list)
24-04-18 21:38:01.465 DEBUG [main] c.poc.todolist.TodoListApplication - Running with Spring Boot v3.2.4, Spring v6.1.5
24-04-18 21:38:01.466 INFO  [main] c.poc.todolist.TodoListApplication - The following 1 profile is active: "dev"
24-04-18 21:38:02.339 INFO  [main] o.s.b.w.e.tomcat.TomcatWebServer - Tomcat initialized with port 8081 (http)
24-04-18 21:38:02.345 INFO  [main] o.a.coyote.http11.Http11NioProtocol - Initializing ProtocolHandler ["http-nio-8081"]
24-04-18 21:38:02.346 INFO  [main] o.a.catalina.core.StandardService - Starting service [Tomcat]
24-04-18 21:38:02.347 INFO  [main] o.a.catalina.core.StandardEngine - Starting Servlet engine: [Apache Tomcat/10.1.19]
24-04-18 21:38:02.415 INFO  [main] o.a.c.c.C.[Tomcat].[localhost].[/] - Initializing Spring embedded WebApplicationContext
24-04-18 21:38:02.415 INFO  [main] o.s.b.w.s.c.ServletWebServerApplicationContext - Root WebApplicationContext: initialization completed in 920 ms
24-04-18 21:38:02.532 INFO  [main] com.zaxxer.hikari.HikariDataSource - HikariPool-1 - Starting...
24-04-18 21:38:02.638 INFO  [main] com.zaxxer.hikari.pool.HikariPool - HikariPool-1 - Added connection org.sqlite.jdbc4.JDBC4Connection@7d59e968
24-04-18 21:38:02.639 INFO  [main] com.zaxxer.hikari.HikariDataSource - HikariPool-1 - Start completed.
24-04-18 21:38:03.011 INFO  [main] o.s.b.a.e.web.EndpointLinksResolver - Exposing 1 endpoint(s) beneath base path '/actuator'
24-04-18 21:38:03.051 INFO  [main] o.a.coyote.http11.Http11NioProtocol - Starting ProtocolHandler ["http-nio-8081"]
24-04-18 21:38:03.068 INFO  [main] o.s.b.w.e.tomcat.TomcatWebServer - Tomcat started on port 8081 (http) with context path ''
24-04-18 21:38:03.078 INFO  [main] c.poc.todolist.TodoListApplication - Started TodoListApplication in 2.05 seconds (process running for 2.528)
24-04-18 21:38:03.082 DEBUG [main] c.poc.todolist.TodoListApplication - Application com.poc.todolist.TodoListApplication started successfully. Arguments: Arg1,Arg2.
24-04-18 21:38:03.379 INFO  [RMI TCP Connection(2)-192.168.2.177] o.a.c.c.C.[Tomcat].[localhost].[/] - Initializing Spring DispatcherServlet 'dispatcherServlet'
24-04-18 21:38:03.380 INFO  [RMI TCP Connection(2)-192.168.2.177] o.s.web.servlet.DispatcherServlet - Initializing Servlet 'dispatcherServlet'
24-04-18 21:38:03.381 INFO  [RMI TCP Connection(2)-192.168.2.177] o.s.web.servlet.DispatcherServlet - Completed initialization in 1 ms
24-04-18 21:39:06.079 DEBUG [http-nio-8081-exec-1] c.p.t.c.TodoListRestController - Found 0 todo records
24-04-18 21:39:48.767 INFO  [SpringApplicationShutdownHook] com.zaxxer.hikari.HikariDataSource - HikariPool-1 - Shutdown initiated...
24-04-18 21:39:48.769 INFO  [SpringApplicationShutdownHook] com.zaxxer.hikari.HikariDataSource - HikariPool-1 - Shutdown completed.
24-04-18 21:39:56.578 INFO  [background-preinit] o.h.validator.internal.util.Version - HV000001: Hibernate Validator 8.0.1.Final
24-04-18 21:39:56.618 INFO  [main] c.poc.todolist.TodoListApplication - Starting TodoListApplication using Java 17.0.9 with PID 40060 (D:\Dev\Exams\SpringBoot\todo-list\target\classes started by Rohan in D:\Dev\Exams\SpringBoot\todo-list)
24-04-18 21:39:56.618 DEBUG [main] c.poc.todolist.TodoListApplication - Running with Spring Boot v3.2.4, Spring v6.1.5
24-04-18 21:39:56.618 INFO  [main] c.poc.todolist.TodoListApplication - The following 1 profile is active: "dev"
24-04-18 21:39:57.498 INFO  [main] o.s.b.w.e.tomcat.TomcatWebServer - Tomcat initialized with port 8081 (http)
24-04-18 21:39:57.505 INFO  [main] o.a.coyote.http11.Http11NioProtocol - Initializing ProtocolHandler ["http-nio-8081"]
24-04-18 21:39:57.506 INFO  [main] o.a.catalina.core.StandardService - Starting service [Tomcat]
24-04-18 21:39:57.506 INFO  [main] o.a.catalina.core.StandardEngine - Starting Servlet engine: [Apache Tomcat/10.1.19]
24-04-18 21:39:57.576 INFO  [main] o.a.c.c.C.[Tomcat].[localhost].[/] - Initializing Spring embedded WebApplicationContext
24-04-18 21:39:57.576 INFO  [main] o.s.b.w.s.c.ServletWebServerApplicationContext - Root WebApplicationContext: initialization completed in 931 ms
24-04-18 21:39:57.697 INFO  [main] com.zaxxer.hikari.HikariDataSource - HikariPool-1 - Starting...
24-04-18 21:39:57.797 INFO  [main] com.zaxxer.hikari.pool.HikariPool - HikariPool-1 - Added connection org.sqlite.jdbc4.JDBC4Connection@55877274
24-04-18 21:39:57.798 INFO  [main] com.zaxxer.hikari.HikariDataSource - HikariPool-1 - Start completed.
24-04-18 21:39:58.162 INFO  [main] o.s.b.a.e.web.EndpointLinksResolver - Exposing 1 endpoint(s) beneath base path '/actuator'
24-04-18 21:39:58.203 INFO  [main] o.a.coyote.http11.Http11NioProtocol - Starting ProtocolHandler ["http-nio-8081"]
24-04-18 21:39:58.219 INFO  [main] o.s.b.w.e.tomcat.TomcatWebServer - Tomcat started on port 8081 (http) with context path ''
24-04-18 21:39:58.230 INFO  [main] c.poc.todolist.TodoListApplication - Started TodoListApplication in 2.017 seconds (process running for 2.407)
24-04-18 21:39:58.234 DEBUG [main] c.poc.todolist.TodoListApplication - Application com.poc.todolist.TodoListApplication started successfully. Arguments: Arg1,Arg2.
24-04-18 21:39:58.445 INFO  [RMI TCP Connection(3)-192.168.2.177] o.a.c.c.C.[Tomcat].[localhost].[/] - Initializing Spring DispatcherServlet 'dispatcherServlet'
24-04-18 21:39:58.445 INFO  [RMI TCP Connection(3)-192.168.2.177] o.s.web.servlet.DispatcherServlet - Initializing Servlet 'dispatcherServlet'
24-04-18 21:39:58.446 INFO  [RMI TCP Connection(3)-192.168.2.177] o.s.web.servlet.DispatcherServlet - Completed initialization in 1 ms
24-04-18 21:40:05.950 DEBUG [http-nio-8081-exec-1] c.p.t.c.TodoListRestController - Found 0 todo records
24-04-18 21:40:07.288 DEBUG [http-nio-8081-exec-3] c.p.t.c.TodoListRestController - Found 0 todo records
24-04-18 21:40:07.764 DEBUG [http-nio-8081-exec-5] c.p.t.c.TodoListRestController - Found 0 todo records
24-04-18 21:40:07.950 DEBUG [http-nio-8081-exec-7] c.p.t.c.TodoListRestController - Found 0 todo records
24-04-18 21:40:08.136 DEBUG [http-nio-8081-exec-9] c.p.t.c.TodoListRestController - Found 0 todo records
24-04-18 21:40:08.326 DEBUG [http-nio-8081-exec-1] c.p.t.c.TodoListRestController - Found 0 todo records
24-04-18 21:40:08.512 DEBUG [http-nio-8081-exec-3] c.p.t.c.TodoListRestController - Found 0 todo records
24-04-18 21:40:08.700 DEBUG [http-nio-8081-exec-5] c.p.t.c.TodoListRestController - Found 0 todo records
24-04-18 21:40:08.894 DEBUG [http-nio-8081-exec-7] c.p.t.c.TodoListRestController - Found 0 todo records
24-04-18 21:40:09.098 DEBUG [http-nio-8081-exec-9] c.p.t.c.TodoListRestController - Found 0 todo records
